0.988616
0.978725
0.978725
1.000000
0.951034
0.987735
0.942635
0.949955
0.921524
0.972047
0.920790
0.960826
0.918035
0.956875
0.952946
0.952425
0.992624
0.960141
0.978451
0.978451
0.935611
0.986012
0.961824
0.944535
0.983465
0.982007
0.937260
0.976255
0.971080
0.917822
0.956450
0.953529
0.900263
0.900263
0.980503
0.951006
0.910890
0.905539
0.905539
0.953856
0.929637
0.943404
0.956641
0.940675
0.961121
0.881008
0.929989
0.980730
0.936880
0.643591
0.895134
1.000000
0.976902
0.944316
0.966301
0.952547
0.961735
0.958026
0.950258
0.959763
0.978735
0.946592
0.946592
0.964041
0.964041
0.970874
0.937434
0.978119
0.941797
0.945438
0.994028
0.941091
0.956409
0.966180
0.957893
0.980960
0.976350
0.971663
0.984666
0.986624
0.931454
0.973748
0.966675
0.973636
0.980673
0.985302
0.921504
0.964971
0.900231
0.928280
0.956761
0.976868
0.886770
0.831081
0.785653
0.985223
0.954961
0.908337
0.919651
0.901003
0.979669
0.898795
0.915265
0.928271
0.946892
0.919566
0.627880
0.592429
0.955215
0.933580
0.922745
0.928651
0.703247
0.955346
0.964133
0.957098
0.900354
0.877101
0.971218
0.986425
0.990192
0.921008
0.921008
0.949534
0.929684
0.951549
0.921465
0.676795
0.935585
0.929942
0.982945
0.954441
0.923572
0.947630
0.900071
0.950478
0.921174
0.987832
0.902943
1.000000
0.903608
0.903608
0.903608
0.903608
0.903608
0.903608
0.974185
0.829244
0.851726
0.944472
0.982999
0.923745
0.948926
0.965250
0.959242
0.912753
0.947105
0.989648
0.910585
0.890186
0.955243
0.982417
0.944818
0.969668
0.978341
0.968154
0.968154
0.943924
0.946651
0.894834
0.984839
0.942610
0.979488
0.980789
0.948380
0.988780
0.953820
0.639790
0.984844
0.977704
0.981930
0.938098
0.977590
0.943803
0.960293
0.965162
0.969040
0.892449
1.000000
1.000000
0.921250
0.952979
0.935576
0.926711
0.885313
0.966171
0.962824
0.973920
0.983679
0.917191
0.963303
0.923761
0.935053
0.950455
0.938948
0.970424
0.932827
0.972003
0.961591
0.940133
0.889294
0.960411
0.965682
0.911191
0.957688
0.914954
0.943154
0.906602
0.918190
0.985222
0.895404
0.916464
0.930679
0.701767
0.933795
0.939685
0.987019
0.956140
0.969539
0.976133
0.983023
0.958087
0.961448
0.934975
0.984083
0.957866
0.918912
0.988221
0.974818
0.973023
0.966059
0.959006
0.931759
0.942654
0.918468
0.921185
0.956457
0.952875
0.980139
0.971070
0.788639
0.949091
0.904032
0.970530
0.969621
0.970307
0.972190
0.645155
0.988196
0.927885
1.000000
1.000000
0.968963
0.981298
1.000000
0.988841
0.983573
0.929992
0.949989
0.943854
0.616229
0.984489
0.964434
0.963897
0.963897
0.949373
0.958733
0.968015
0.973108
0.969401
0.964162
0.977687
0.968391
0.916392
0.897391
0.897391
0.960353
0.947154
0.936049
0.954563
0.963576
0.955604
0.932120
0.961464
0.934746
0.983719
0.928378
0.944168
0.958603
0.927725
0.957593
0.955696
0.964781
0.927545
0.977592
0.946701
0.979524
0.824587
0.950749
0.976431
0.905129
0.968664
0.913339
0.980526
0.944133
0.936502
0.969753
0.930037
0.935670
0.958180
0.989609
0.960672
0.977512
0.920959
0.987651
0.987651
0.986618
0.915651
0.948787
0.897857
0.965407
0.970663
0.647947
0.947612
0.958401
0.904944
0.943300
0.969606
0.922547
0.874546
0.923800
0.961674
0.741660
0.942751
0.960742
0.964316
0.957246
0.894763
0.915868
0.974149
0.958984
0.964526
0.956970
0.740775
0.983737
0.928940
0.936456
0.961868
0.959600
0.987605
0.969272
0.969272
0.932055
0.991263
0.963228
0.950663
0.947946
0.960625
0.962440
0.959272
0.912638
0.931152
0.952503
0.930754
0.905807
0.905807
0.986312
0.962593
0.955581
0.939267
0.891990
0.936874
0.853738
0.984813
0.950166
0.941077
0.965177
0.924329
0.933140
0.927452
0.918587
0.930850
0.936651
0.963316
1.000000
0.893060
0.860485
0.908588
0.873738
0.893689
0.967741
0.988320
0.933855
0.921229
0.937800
0.889766
0.918936
0.982091
0.952346
0.939111
0.979585
0.903542
0.949266
0.869040
0.919082
0.990702
0.972236
0.965331
0.925722
0.974213
0.962824
0.680781
0.912631
0.897054
0.968142
0.966589
0.962135
0.944350
0.926835
0.636205
0.973131
0.987886
0.987886
0.965471
0.946813
0.946813
0.955798
0.955798
0.930560
0.933445
0.952653
0.965780
0.954858
0.896185
0.918410
0.975216
0.979883
0.666128
0.953934
0.963594
0.980087
0.928631
0.962138
0.980913
0.973412
0.953657
1.000000
0.892251
0.970721
0.959195
0.928720
0.911365
0.938884
0.940496
0.971450
0.958528
0.981579
0.993672
0.980470
0.938961
0.933046
0.972963
0.980569
0.929160
1.000000
0.916627
0.967411
0.971370
0.962750
0.965299
0.887043
0.978668
0.939439
0.899923
0.902525
0.982184
1.000000
0.942941
0.962610
0.955491
0.974863
0.921543
0.953195
0.918387
0.964872
0.962923
0.942688
0.985315
0.893690
0.977808
0.983430
0.920482
0.931268
0.944913
0.936873
0.916646
0.941559
0.931131
1.000000
0.924526
0.969090
0.987901
0.949339
0.977444
0.987711
0.989722
0.975187
0.981943
0.973449
0.929001
0.954432
0.973590
0.982137
0.982137
0.950900
0.944427
0.980714
1.000000
0.922470
0.971340
1.000000
0.907139
0.915389
0.992453
0.915452
0.945692
0.943036
0.974180
0.954474
0.945352
0.979676
0.984328
0.951911
0.892078
0.931338
0.962437
0.970040
0.935307
0.981677
0.979011
0.982751
0.952259
0.927181
0.947156
0.955521
0.931498
0.964328
0.972746
0.964077
0.961548
0.958381
0.978710
0.961795
0.970616
0.926118
0.866322
0.980539
0.967924
0.984143
0.954532
0.836996
0.939898
0.902134
0.977814
0.993986
0.968898
0.972975
0.985893
0.986065
0.947078
0.935464
0.967455
0.939159
0.681939
0.975766
0.918992
0.972155
0.965617
0.965414
0.949493
0.924858
0.981557
0.934871
0.948928
0.977705
0.977705
0.977705
0.968803
0.965746
0.806485
0.963081
0.957809
0.990358
0.951697
0.940005
0.954489
0.968308
0.967509
0.980180
0.972887
0.912601
0.906781
0.911098
0.911098
0.913448
0.949533
0.899988
0.888366
0.985275
0.940735
0.947653
0.943195
0.965292
0.905567
0.976241
0.956153
0.979499
0.928700
0.900816
1.000000
0.982321
0.959247
0.988195
0.936825
0.936825
0.960862
0.900017
0.942462
0.988632
0.891901
0.934282
0.959730
0.985824
0.970090
0.963743
0.963429
0.979340
1.000000
0.972740
0.959984
0.945699
1.000000
0.991242
0.967751
0.968625
0.964191
0.961588
0.967374
0.973452
0.981916
0.984500
0.959071
0.928150
0.949038
0.975716
0.946725
0.973406
0.980829
0.978921
0.924546
0.949296
0.988721
0.988282
0.960395
0.942355
0.946713
0.905825
0.975578
0.929459
0.950737
0.952747
0.910853
0.970179
0.989266
0.950347
0.788850
0.883884
0.952139
0.971811
0.911251
0.929635
0.953531
0.969022
0.978580
0.914501
0.957669
0.959257
0.868979
0.884390
0.989058
0.922605
0.903173
0.974806
0.913165
0.866935
0.968042
0.968042
0.939183
0.985276
0.923276
0.942042
0.686062
0.948621
0.946356
0.946356
0.953239
0.962096
0.978913
0.971068
0.954107
0.987297
0.989753
0.984091
0.974171
0.931653
0.935992
0.981779
0.982561
0.964493
0.938978
0.985097
0.911428
0.969500
0.607798
0.964526
0.891400
0.971625
0.985380
1.000000
1.000000
0.683467
0.957186
0.976159
0.987149
0.864002
0.953664
0.651484
0.943083
0.953254
0.981410
0.986120
0.941927
0.941927
0.913523
0.986351
0.935202
0.956808
0.884059
0.962924
0.957135
0.950910
0.970752
0.898542
1.000000
0.943753
0.899276
0.941765
0.894820
0.911294
0.911294
0.967090
0.955680
0.953268
0.954716
0.970166
0.940999
0.914370
0.943445
0.937157
0.895374
0.947291
0.960164
0.949195
0.971292
0.984432
0.977480
0.932366
0.946062
0.931914
0.980948
0.969248
0.978316
0.949206
0.983114
0.946065
0.892798
0.985696
0.990563
0.974904
0.947722
0.928290
0.699577
0.902420
0.956776
0.973091
0.892494
0.945752
0.955458
0.928010
0.942015
0.935847
0.936567
0.791767
0.969578
0.908617
0.950784
1.000000
0.946900
0.987140
0.897064
0.947518
0.975298
0.957177
0.993821
0.954467
0.952148
0.984577
0.970529
0.965311
0.933282
0.951294
0.927318
0.974222
0.972401
0.950600
0.949744
0.960367
0.950567
0.985296
0.953688
0.890952
0.982716
0.925078
0.627806
0.977715
0.974572
0.946510
0.937458
0.911964
0.926185
0.937524
0.981004
0.980852
0.901203
0.906866
0.958266
0.950660
0.991754
0.970762
0.879495
0.916827
0.920418
0.969938
0.971389
0.972208
0.931485
0.954229
0.913714
0.973463
0.970642
0.953991
0.953991
0.936855
0.940680
0.985970
0.877699
0.928132
0.937830
0.937203
0.952489
0.949344
0.923499
0.909765
0.919715
0.905371
0.929946
0.965421
0.971340
0.981179
0.984263
0.960549
0.899464
0.943374
0.939374
0.626415
0.970213
0.957541
0.943572
0.923780
0.701753
0.943027
0.750356
0.894246
0.941266
0.975373
0.960750
0.927308
0.948418
0.940473
0.944777
0.963013
0.587055
0.940324
0.950293
0.979654
0.942718
0.968709
0.974472
0.959795
0.929970
0.967885
0.963205
0.625613
0.879440
0.968217
0.938819
0.873621
0.909546
0.926859
0.917635
0.919564
0.954335
0.950712
0.959426
0.968954
0.935040
0.897587
0.979985
0.908336
0.912999
0.949717
0.971016
0.954101
0.937183
0.979128
0.926777
0.988054
0.972121
0.983999
0.928249
0.930288
0.975826
0.965029
0.976682
0.976682
0.933867
0.946841
0.956194
0.933077
0.971763
0.925094
0.925094
0.941408
0.941408
0.903332
0.910423
0.973966
0.930664
0.984311
0.984643
0.928270
0.957410
0.923025
0.941757
0.949096
0.968125
0.885642
0.967888
0.935414
0.971159
0.945095
0.744545
0.982556
0.994712
0.964432
0.812474
0.944395
0.960461
0.982210
0.945597
0.979928
0.649816
0.921928
1.000000
0.947993
0.960465
0.948218
0.948218
0.985172
0.970571
0.879919
0.968106
0.977315
0.949510
0.914962
0.945210
0.931446
0.967301
0.973665
0.935155
1.000000
1.000000
0.976327
0.918066
0.928954
0.940640
0.966895
0.988560
0.981451
0.969516
1.000000
1.000000
0.954595
0.886952
0.717554
0.930402
0.962146
0.900177
0.971847
1.000000
0.971506
0.971506
0.953802
0.953802
0.993115
0.934450
0.944936
0.972802
0.977439
0.963623
0.944094
0.956325
0.965476
1.000000
0.970144
0.964535
0.900776
0.912672
0.926404
0.983952
0.976174
0.942512
0.903524
0.930230
0.958587
0.961956
0.969499
0.976736
0.967829
0.963002
0.928834
0.957905
0.917928
0.717952
0.985712
0.929882
0.939332
0.927259
0.943620
0.939512
0.952433
0.966306
0.978909
0.946199
1.000000
1.000000
0.971534
0.936716
0.965383
0.941803
0.943678
0.950818
0.976705
0.925263
0.968443
0.985685
0.905208
0.952207
0.971185
0.967018
0.927389
0.961915
0.953312
0.925900
0.921495
0.921495
0.925768
0.932052
0.950711
0.914056
0.928704
0.942471
0.903180
0.925857
0.952352
0.951623
0.937545
0.980893
0.890117
0.978905
0.994007
0.966320
0.801629
1.000000
0.996715
0.973134
0.956991
0.969714
0.982343
0.930625
0.936516
0.946540
0.960653
0.902468
0.960653
0.988459
0.996462
0.943375
0.974051
0.962099
0.932181
0.954531
0.982772
0.946608
0.977228
0.934078
0.960205
0.956006
0.992523
0.968513
0.951909
0.937451
0.934620
0.978678
0.866485
0.978525
0.906581
0.974057
0.969867
0.922861
0.991534
0.973893
0.912602
0.959161
0.946201
0.978847
0.967686
0.969152
0.967297
0.972942
1.000000
1.000000
0.960476
0.960476
0.977777
0.918030
0.972410
1.000000
1.000000
0.934557
0.890165
0.967071
0.868055
0.887595
0.887595
0.954243
0.942704
0.942704
0.933290
0.955397
0.961891
0.979390
0.986191
0.927669
0.995678
0.952983
0.939962
0.954602
0.905103
0.959781
0.955628
0.931112
0.951097
0.955799
0.976227
0.872563
1.000000
0.981194
0.971695
0.936199
0.981814
0.954970
0.928659
0.943158
0.913059
0.913059
0.945396
0.960671
0.952715
0.948151
0.971946
0.924819
0.701820
0.932194
0.929227
0.956986
0.941926
0.878631
0.895323
0.971895
0.906963
0.939863
0.927747
0.966053
0.966382
0.918118
0.964470
0.948943
0.950439
0.896221
0.958481
0.968244
0.958248
0.935597
0.828524
1.000000
0.922843
0.930638
0.939042
0.924809
0.867628
0.911814
0.853137
0.922010
0.978231
0.951324
0.986430
0.977299
0.927075
0.967409
0.947843
0.974747
0.970012
0.967577
0.949880
0.867463
0.893081
0.926964
0.932469
0.946953
0.933123
0.933123
0.959258
0.873899
0.895628
0.988439
0.945454
0.963461
0.967801
0.960229
0.908382
0.948219
0.948219
0.967749
0.971742
0.968128
0.932063
0.937639
0.988686
0.989515
0.985323
0.974211
0.902871
0.989757
0.779680
0.914013
0.833227
0.934331
0.984459
0.922499
0.875621
0.933688
0.955838
0.921388
0.941181
0.923024
0.923289
0.698033
0.985731
0.989641
0.896516
0.650253
0.942292
0.983775
0.984595
0.967711
0.981764
0.985493
0.969743
0.814491
0.941781
0.951255
0.929872
0.982666
0.985492
0.942128
0.928323
0.946993
0.945925
0.968438
0.988347
0.933304
0.963812
0.945769
0.915930
0.932541
0.974723
0.945028
0.987139
0.991424
0.952620
0.928046
0.985837
0.989805
0.973226
0.926692
0.937279
0.916133
0.962681
0.958991
0.951771
0.931896
0.928123
0.847378
0.960789
0.941448
0.990593
0.970934
0.985690
0.985690
0.956546
0.926813
0.933231
0.907116
0.967416
0.984518
0.988785
0.969309
0.989813
0.948985
0.972618
0.912210
0.927264
0.939062
0.938371
0.982271
0.947186
0.960751
0.894699
0.972827
0.950807
0.961953
0.900242
0.923576
0.977849
0.984615
0.978714
0.919377
0.984004
0.979534
0.931191
0.946767
0.965568
0.608195
0.608195
0.608195
0.758530
0.932358
0.948696
0.949615
0.884750
0.965346
0.989563
0.943275
0.930354
0.716579
0.944682
0.954023
0.953444
0.969824
0.960525
0.975871
0.955851
0.982366
0.897645
0.929021
0.687296
0.861675
0.961406
0.960292
0.963773
0.981594
0.877750
0.962784
0.948384
0.954081
0.877345
0.948043
0.948043
0.944396
0.915529
0.908259
0.908259
0.941750
0.941846
0.963590
0.943228
0.909533
0.921921
0.901654
0.969023
0.963025
0.963025
0.921586
0.968948
0.919797
0.982352
0.939429
0.912984
0.927242
0.986658
0.975597
0.991894
1.000000
0.957039
0.962378
0.962378
0.931330
0.884896
0.937773
0.988048
0.937657
0.979233
0.945334
0.969085
0.974503
0.983687
0.895469
0.966518
0.859405
0.955369
0.963646
0.979947
0.877809
0.961403
0.975057
0.907717
0.926603
0.991516
0.991516
0.970550
0.960424
0.984802
0.966282
0.959877
0.959877
0.956821
0.982197
0.973160
0.988632
0.925003
0.934346
0.934346
0.906517
0.900792
0.938469
0.976191
0.992156
0.936752
0.936363
0.967744
0.973181
0.958332
0.954746
0.953549
0.926905
0.987754
0.974367
0.640095
0.921507
1.000000
0.959171
0.966888
0.973886
0.934450
0.911428
0.911201
0.982241
0.919869
0.983523
0.770494
0.968156
0.708298
0.948276
0.982370
0.947942
0.925501
0.947979
0.939605
0.985416
0.712843
0.967687
0.938576
0.707625
0.996270
0.982310
0.917447
0.982611
0.900631
0.886980
0.977660
0.942890
0.962206
0.953982
0.962322
0.972140
0.886970
0.899613
0.965710
0.912476
0.977058
0.945265
0.958564
1.000000
0.950199
0.918124
0.918124
0.921119
0.963055
0.980991
0.968571
0.931187
0.981432
0.927616
0.991546
0.976034
0.906092
0.917271
0.945148
0.968184
0.875031
0.977316
0.977145
0.976128
0.906231
0.960125
0.956984
0.980478
0.983136
0.980280
0.963597
0.955661
0.957973
0.944139
0.920209
0.985251
0.932867
0.941464
0.928100
0.944956
0.982617
0.840348
0.949996
0.938651
0.956283
0.975613
0.913230
0.924887
0.943725
0.967993
0.987908
0.907414
0.980904
0.960114
0.918841
0.938552
0.982390
0.873761
0.962698
0.924967
0.976751
0.976804
0.933472
0.629346
0.930921
0.960436
0.951808
0.945591
0.949117
0.956101
0.920273
0.933543
0.960705
0.978922
0.981452
0.968595
0.985275
0.902057
0.980050
0.968264
0.908320
0.956303
0.976640
0.945857
0.982877
0.986672
0.989679
0.935420
0.936872
0.902206
0.910824
0.979648
0.959037
0.925591
0.947729
0.979795
0.693959
0.981687
0.903262
0.978646
0.891719
0.974182
0.956993
0.877091
0.877091
0.835452
0.952993
0.972222
0.960593
0.984183
0.952619
0.939779
0.981847
0.943779
0.938674
0.940477
0.925159
0.940015
0.937374
0.987903
0.971372
0.932930
0.878875
0.983704
0.946017
0.957169
0.948976
0.974497
0.971444
0.956927
0.908859
0.972072
0.971300
0.944181
0.993326
0.975671
0.980349
0.966401
0.964693
0.949401
0.917994
0.986563
0.933148
0.903176
0.968499
0.991675
0.965734
0.975935
0.915585
0.903973
0.981431
0.911952
0.971880
0.972220
0.956457
0.938751
0.924739
0.918348
0.893719
0.893719
0.979194
0.930514
0.937741
0.945528
0.941740
0.956706
0.954640
0.956238
0.745654
0.979703
0.984241
0.950806
0.943579
0.988475
0.991236
0.958404
0.966012
0.945956
0.976706
0.930355
0.941510
0.943789
0.976392
0.962733
0.912636
0.897768
0.945469
0.948513
0.931996
0.962030
0.895406
0.948315
0.948315
0.951137
0.974721
0.964106
0.961293
0.942096
0.934574
0.988587
0.988587
0.973258
0.921863
0.963929
0.980387
0.912801
0.963323
0.994682
0.945469
0.957054
1.000000
0.988590
0.988590
0.981192
0.971313
0.953032
0.901146
0.983435
0.916735
0.964154
1.000000
1.000000
0.946684
0.943300
0.943300
0.974172
0.892329
0.908388
0.935919
0.909268
0.987994
0.978198
0.972100
0.947955
0.966207
0.974549
0.920077
0.942647
0.938498
0.932207
0.959277
0.875476
0.943412
0.922778
1.000000
0.932771
0.920408
0.958686
0.959144
0.959144
0.974399
0.980408
0.974672
0.914776
1.000000
0.878990
0.971029
0.933707
0.925415
0.959382
0.993023
0.932573
0.918447
0.961813
0.963543
0.949588
0.952331
0.922096
0.985985
0.903433
0.951357
0.978070
0.967135
0.931164
0.963885
0.700750
0.913219
0.922281
0.943265
0.966919
0.981154
0.981154
0.962125
0.951825
1.000000
0.907624
0.975410
0.984277
0.984212
0.736145
0.970379
0.921722
0.930340
0.931807
0.972981
0.937290
0.937290
0.933256
0.984607
0.990733
0.933390
0.961634
0.925487
0.876968
0.908421
0.924888
0.969492
0.962113
0.974411
0.941380
0.930368
0.944032
0.937440
0.937999
0.983810
0.943315
0.879616
0.955539
0.941045
0.932818
0.940146
0.927675
0.981600
0.987289
0.723778
0.937622
1.000000
0.931951
0.970662
0.942173
0.942173
0.945674
0.949450
0.974611
0.981013
0.921340
0.821412
0.867488
0.972096
0.977178
0.967290
0.961041
0.980864
0.957714
0.933775
0.930489
0.904884
0.965484
0.759843
0.978266
0.897676
0.940171
0.978429
0.968714
0.983816
0.964770
0.973290
0.936677
0.962217
0.976148
0.982498
1.000000
1.000000
0.979132
0.976748
0.990435
0.959517
0.921859
0.960412
0.992954
0.932985
0.946338
0.952089
0.954558
0.731017
0.674812
0.986902
0.951669
0.990946
0.955484
0.907898
0.965809
0.934354
0.963203
0.966179
0.902695
0.965831
0.904750
0.795203
0.845657
0.865573
0.983456
0.988214
0.899087
0.859214
0.903254
0.923075
0.940167
0.944938
0.848295
0.817815
0.990221
0.989667
0.967550
0.987905
0.993914
0.901758
0.976045
0.984413
0.975501
0.982100
0.914888
0.942468
0.937408
0.591292
0.684065
0.985486
0.950582
0.985342
0.907889
0.951530
0.921586
0.902022
0.902022
0.953035
0.932063
0.914741
0.943948
0.945033
0.983396
0.949568
0.915661
0.914139
0.930213
0.940826
0.983537
0.988111
0.990976
0.931779
0.938764
0.938116
0.927758
0.926508
0.981931
0.958696
0.959637
0.950472
0.962136
0.933244
0.719565
0.676074
0.972689
0.970441
0.964005
0.964005
0.910647
0.946950
0.905288
0.974792
0.942371
0.940803
0.952138
1.000000
0.965788
0.924290
0.903925
0.871132
0.983825
0.986323
0.961441
0.924873
0.924873
0.964913
0.910329
0.932605
0.993946
0.926982
0.992621
0.933548
0.965567
0.931066
0.979724
0.989092
0.949848
0.958487
0.977983
0.883229
0.914989
0.948841
0.965724
1.000000
1.000000
1.000000
1.000000
0.933049
0.957277
1.000000
0.953087
1.000000
0.960991
0.987210
0.925854
0.949947
0.959543
0.970267
0.956090
0.925195
0.978862
0.979747
0.891996
0.981557
0.932195
0.950335
0.946604
0.948667
0.887785
0.955966
0.972507
0.949289
0.967928
0.946814
0.984746
0.977173
0.938695
0.937982
0.982162
0.921070
0.936747
0.938980
0.917275
0.947419
0.881639
0.929615
0.982745
0.982363
0.947896
0.984912
0.953521
0.949756
0.908748
0.978696
0.970081
0.963883
0.969452
0.932915
0.954963
0.956996
0.920126
0.974742
0.963924
0.981177
0.932841
0.952632
0.965974
0.967281
0.947525
0.936413
0.975892
0.991082
0.970270
0.976492
0.862757
0.968771
0.983460
0.939926
0.939365
0.952397
0.983203
0.953869
0.969380
0.986987
0.941333
0.744714
0.903059
0.950530
0.977684
0.969706
0.944309
0.923200
0.964085
0.663242
0.950845
0.890242
0.994691
0.949041
0.982875
0.921268
0.923241
0.939493
0.896640
0.934725
0.977370
0.931739
0.941978
1.000000
0.877683
0.882354
0.949309
0.977116
0.898788
0.902668
0.877073
0.986930
0.950777
0.957434
0.969083
0.935122
0.975163
0.936270
0.964046
0.921488
0.985765
0.973218
0.959521
0.960442
0.946508
0.929701
0.896987
0.909158
0.909158
0.921393
0.921393
0.950270
0.969945
0.975825
0.975825
0.951996
0.951996
0.975930
0.956270
0.949625
0.992741
0.804834
0.947353
0.919291
0.959237
0.899045
0.963087
0.936864
0.972843
0.966456
0.983084
0.886608
0.958857
0.943356
0.968503
0.968564
0.987478
0.971425
1.000000
0.969627
1.000000
1.000000
0.982161
0.884203
0.948526
0.980730
0.961949
0.893700
0.989298
0.989648
0.986265
0.912222
0.970196
0.927277
0.963336
0.983538
0.948105
0.902984
0.870144
0.797789
0.912736
0.928394
0.944117
0.983066
0.979588
0.976726
0.763100
0.984143
0.924055
0.887573
0.745394
0.947453
0.949350
0.923717
0.964812
0.949602
0.745771
0.745771
0.947109
0.954161
0.978744
0.976822
0.976822
0.940283
0.971355
0.971355
0.958847
0.970601
0.934751
0.991687
0.949155
0.986315
0.984764
0.958660
0.962149
0.962285
0.976994
0.951049
0.935585
0.950603
0.802763
0.984420
0.982005
0.992936
0.970470
0.878508
0.972795
0.960649
0.919197
0.937809
0.956711
0.960874
0.973106
0.954437
0.930354
0.965209
0.920290
0.931901
0.942256
0.985790
0.974113
0.891418
0.969195
0.947674
0.935123
0.968538
0.962649
0.921027
0.982133
0.971294
0.960999
0.937260
0.930672
0.930672
0.935623
0.980261
0.908108
0.985906
0.959222
0.961721
0.947096
0.967484
0.894742
0.956110
0.945850
0.958209
0.954317
0.982665
0.767177
0.946401
0.952918
0.968969
0.962101
0.959510
0.955483
0.955483
0.980510
0.966084
0.924944
0.946530
0.956323
0.986682
0.705838
0.905319
0.966964
0.970352
0.965026
0.978647
0.978614
0.972077
0.945664
0.957073
0.903348
0.997192
0.941252
0.912980
0.912980
0.927133
0.987797
0.990380
0.904817
0.904832
0.953903
0.910906
0.927049
0.718092
0.991464
0.931650
0.887425
0.987505
0.940259
0.726892
0.934988
0.961752
0.917899
0.951005
0.907096
0.953118
0.983196
0.961426
0.986697
0.917911
0.970687
0.962669
0.901607
0.916563
0.930978
0.960951
0.973610
0.746099
0.929962
0.930154
0.980046
0.891783
0.946730
0.977251
0.964870
0.934113
0.952051
0.933549
0.944356
0.966504
0.945169
0.963355
0.961067
0.871017
0.920002
1.000000
0.920651
0.938359
0.930507
0.930507
0.964235
0.986832
0.973617
0.944228
0.937617
0.942285
0.959284
0.930553
0.936455
0.948183
0.983816
0.963470
1.000000
0.916583
0.966398
0.723525
0.899557
0.974953
0.662341
0.963795
0.961856
0.977051
0.985539
0.911944
0.967581
0.729382
1.000000
0.963905
0.952459
0.934271
0.988343
0.982562
0.988333
0.952003
0.991342
0.888515
0.960300
0.969790
0.688817
0.958442
0.708296
0.932946
0.937487
0.934897
0.908060
0.908060
0.966380
0.987323
0.935136
0.990025
0.988867
0.947285
0.966755
0.913454
0.878706
0.721007
0.961342
0.891059
0.795913
0.753644
0.923072
0.947535
0.961640
0.933005
0.946701
0.976717
0.923244
0.985039
0.960664
0.954228
0.970931
0.754134
0.957557
0.962861
0.965823
1.000000
0.927787
0.957646
0.941339
0.955825
0.884084
0.944079
0.957099
0.883847
0.953766
0.978719
0.977227
0.898134
0.905752
0.916615
0.928327
0.946842
0.841211
0.957297
0.957297
0.896138
0.956371
0.897221
0.922170
0.916317
0.922281
0.932533
0.935461
0.912960
0.975465
0.888617
0.932805
0.975287
0.975287
0.876986
0.910869
0.981517
0.972717
0.865295
0.989650
0.960037
0.972826
0.926401
0.955753
0.806380
0.982075
0.990632
0.914186
0.954549
0.914946
0.975903
0.949040
0.959256
0.935950
0.964601
0.902815
0.908292
0.982581
0.937965
0.941746
0.942096
0.952356
0.993725
0.982148
0.956132
0.641922
0.946216
0.951824
0.987779
1.000000
0.928653
0.947077
0.945580
0.946072
0.943322
0.956421
0.958737
0.966880
0.928498
0.940058
0.936005
0.635218
0.944258
1.000000
0.956578
0.915556
0.954926
0.974276
0.981248
0.899982
0.983731
0.905515
0.905515
0.993576
0.975410
0.930467
0.899590
0.965635
0.950661
0.947525
0.935376
0.929198
0.929198
0.958041
0.956650
0.907265
0.955354
0.954417
0.980327
0.968246
0.961854
0.912223
1.000000
0.983109
0.993191
0.964714
0.950770
0.963290
1.000000
0.977064
0.950768
0.971781
0.947490
0.970979
0.992157
1.000000
0.985916
0.990011
0.996972
0.932921
0.900014
0.952689
0.952689
0.978094
0.931177
0.939567
0.979694
0.979472
0.901085
0.909386
0.946610
0.930733
0.956770
0.934963
0.982065
0.986530
0.993449
0.918940
0.956457
0.972833
0.942117
0.992296
0.955913
0.948453
0.922507
0.948750
0.902690
0.972370
0.945431
0.984814
0.966821
0.969497
0.954994
0.948189
0.961115
0.967295
0.971420
0.959780
0.929505
0.955638
0.952865
0.979797
0.979797
0.969432
0.946120
0.971875
0.931412
0.973369
0.947832
0.982983
0.966767
0.973724
0.988458
0.657930
0.976148
0.913604
0.950993
0.924252
0.953189
0.959583
0.940662
0.957391
0.931098
0.974967
0.986116
0.965759
0.965759
0.972616
1.000000
1.000000
1.000000
0.957227
0.958741
0.922524
0.927989
0.988914
0.960811
0.790599
1.000000
1.000000
1.000000
1.000000
0.980419
0.754745
0.976330
0.948684
0.933023
0.970525
0.898622
0.965658
0.913740
0.913740
1.000000
0.982677
0.970302
0.977893
0.908966
0.927525
0.946931
0.983564
0.983212
0.943505
0.910418
0.967551
0.951760
0.951141
0.959180
0.982594
0.949203
0.895701
0.963218
0.932073
0.964661
0.954447
0.958932
0.710083
0.953298
0.949747
0.949747
0.956596
0.922851
0.915955
0.942128
0.951942
0.961156
0.912414
0.948867
0.946176
0.974982
0.976454
0.937848
0.954075
0.986240
0.972595
0.974181
0.961070
0.958867
0.885742
0.976407
0.980790
0.980790
0.759696
0.979305
0.964369
0.980010
0.941788
0.933479
0.952737
0.968095
0.957490
0.982996
0.789458
0.753637
0.958773
0.954043
0.990959
0.992588
0.933250
0.971721
0.921214
0.882299
0.903485
0.979376
0.970151
0.915564
0.915564
0.967436
0.993376
0.984933
0.930679
0.984407
0.944210
0.944026
0.938047
0.982286
0.988026
0.976847
0.978808
0.924268
0.964392
0.915282
0.956125
0.937418
0.992138
0.921001
0.993846
0.699289
0.981501
0.984881
0.923778
0.957776
1.000000
0.903466
0.933640
0.994277
1.000000
0.953452
0.946719
0.986113
0.947798
0.928376
0.928376
0.931976
0.932156
0.910347
0.906846
0.924784
0.927554
0.951187
0.920690
0.938248
0.899995
0.921336
0.973683
0.990033
0.966475
0.734542
0.950256
0.951640
0.928233
0.970730
0.977123
0.948096
0.948096
0.972992
0.950831
0.964008
0.965032
0.976371
0.898177
0.974619
1.000000
0.979891
0.953265
0.946424
0.955382
1.000000
0.966342
0.986712
0.927687
0.954852
0.968521
0.951433
0.968182
0.946277
0.946277
0.915422
0.913379
0.989515
0.947327
0.951041
0.968089
0.652774
0.958194
0.970817
0.706180
0.911989
0.911989
0.911989
0.943634
0.958949
0.976637
0.919093
0.913439
0.959645
0.979562
0.945150
0.959547
0.952361
0.954292
0.759431
0.961456
0.981593
0.973583
0.961460
0.958179
0.926651
0.607683
0.962066
0.954151
0.991201
0.915875
0.913303
0.913303
0.913303
0.925381
0.977596
0.946060
0.957067
0.933258
0.944094
0.966947
0.964733
0.900207
0.955418
0.910247
0.916396
0.925373
0.964741
0.969941
0.959483
0.967420
1.000000
0.933080
0.939619
0.983114
0.983114
0.983114
0.937486
0.964619
0.984507
0.989424
0.970589
0.949131
0.927264
0.954377
0.948860
0.961244
0.961244
0.916685
0.926573
0.926573
0.990428
0.980403
0.939036
0.975393
0.914507
0.940682
0.969931
0.926528
0.974564
0.899332
0.918324
0.982518
0.978901
0.966653
0.891798
0.893801
0.901730
0.939008
0.937290
0.927071
0.949061
0.967153
0.912955
0.950490
0.957611
0.972805
0.934080
0.957896
0.918368
0.977676
0.986926
0.984113
0.957333
0.916417
0.920430
0.937791
0.947756
0.974258
0.965868
0.921105
0.862352
0.949755
0.923311
0.925978
0.940271
1.000000
0.930757
0.986538
0.972912
0.918230
0.962644
0.943231
0.959861
1.000000
0.955315
0.953825
0.961817
0.984429
0.930031
0.927272
0.872037
0.731754
0.984621
0.976062
0.976062
0.973727
0.690225
0.945588
0.940886
0.873295
0.969988
0.959431
0.980668
0.956068
0.938778
0.933220
0.911993
0.919454
0.898021
0.966135
0.951529
0.901024
0.937407
0.929826
0.985608
0.965112
0.892920
0.922463
0.954789
0.870041
0.963658
0.936681
0.982741
0.918950
1.000000
1.000000
0.973552
0.992999
0.918317
0.831151
0.953399
0.946236
0.964876
0.964876
0.952349
0.934664
0.875542
0.897966
0.956708
0.868724
0.993709
0.927996
0.987764
0.965572
0.984659
0.947868
0.873044
0.947238
0.994318
0.937618
0.748282
0.950180
0.659392
0.977115
0.984430
1.000000
0.940466
0.983416
0.907643
0.959079
0.935889
0.903553
0.939081
0.952109
0.952548
0.947915
0.958294
0.940596
0.892692
0.880200
0.971652
0.956767
0.962068
0.960829
0.978266
0.948579
0.948834
0.957850
0.961561
0.949644
0.950680
0.971720
0.982674
0.970744
0.904765
0.961080
0.744958
0.932585
0.943413
0.953523
0.968674
0.905463
0.929754
0.988731
0.731610
0.985404
0.945707
0.969734
0.959119
0.969436
0.984372
0.951694
0.942330
0.983591
0.912409
0.948266
0.941402
0.927314
0.985747
0.971454
0.955402
0.921884
0.899353
0.950453
0.961371
1.000000
0.964031
0.979588
0.940437
0.986032
0.989738
0.909385
0.945227
0.978184
0.920394
0.985221
0.897045
0.950044
0.965045
1.000000
0.911529
0.919797
0.950815
0.931488
0.964240
0.940891
0.981018
0.987178
0.990395
0.989840
0.718734
0.742510
0.948257
0.983946
0.924891
0.935102
0.988192
0.949364
0.908429
0.888697
0.908150
0.918349
0.929960
0.918310
0.986162
0.986770
0.961268
0.899507
0.899507
0.980446
0.973332
0.942614
0.934959
0.956549
0.944257
1.000000
0.944952
0.926647
0.919793
1.000000
0.763137
0.958109
0.939157
0.963741
0.950105
0.919976
0.920255
0.913082
0.983613
0.956450
0.881592
0.928263
0.960750
0.987986
0.956300
0.915249
0.914152
0.914152
0.895342
0.951821
1.000000
0.970682
0.967947
0.993990
0.990947
0.985005
0.904013
0.991291
0.973683
0.911659
0.932194
0.937743
0.882457
0.945611
0.950009
0.950009
0.901208
0.980930
0.952060
0.941451
0.936088
0.937221
0.903146
0.911079
0.933062
0.946791
0.922085
0.967792
0.963039
0.953847
0.937985
0.986898
0.977052
0.878988
0.989178
0.908477
0.949834
0.955711
0.903821
0.920083
0.960592
0.986905
0.895188
0.980503
0.961216
1.000000
0.958829
0.951430
0.935350
0.937892
0.991248
0.915887
0.960524
0.967940
0.949481
0.929600
0.902433
0.599207
0.869701
0.898309
0.919064
0.961000
0.957855
0.928487
0.961591
0.957138
0.952081
0.911557
0.907892
0.939693
0.974576
0.959113
0.967301
0.925304
0.906632
0.910838
0.935012
0.910325
0.872140
0.966088
0.904933
0.952742
0.943436
0.944598
0.975854
0.958502
0.959256
0.963546
0.963546
0.971574
0.983768
0.951135
0.957895
0.924236
0.985839
0.924396
0.973425
0.925808
0.958993
0.933457
0.901479
1.000000
0.955411
0.904321
0.926672
0.926672
0.969187
0.978126
0.880835
0.880835
0.983419
0.935918
0.961442
0.981866
0.986026
0.910916
0.965986
0.932727
0.942024
0.987730
0.975720
0.974926
0.949340
0.914890
0.951055
0.930451
0.890052
0.746187
0.985194
0.967179
0.963353
0.935777
0.948681
0.961040
0.983502
0.919099
0.951387
0.946934
0.899137
0.968673
0.973776
0.928157
0.891902
0.951749
0.953176
0.982608
0.982211
0.983372
0.942000
0.956328
1.000000
0.972007
0.983861
0.988735
0.988735
0.976806
0.944577
0.949669
0.983415
0.967479
0.931798
0.982180
0.930885
0.934915
0.932428
0.935564
0.972811
0.945700
0.952811
0.993432
0.979905
0.979905
0.984107
0.972706
0.974099
0.905740
0.983215
0.994659
0.961427
0.971741
0.978429
1.000000
0.947695
0.991341
0.925882
0.938842
0.948802
0.959486
0.942348
0.936943
0.962156
0.932683
0.921963
0.860371
0.876640
0.936113
0.933623
0.969104
0.939227
0.945365
0.940418
0.956542
0.984653
0.961514
0.981039
0.957018
0.958089
0.973070
0.990897
0.908558
0.934148
0.934148
0.977204
0.920491
0.923453
0.912479
0.985956
0.926675
0.939424
0.939424
0.700399
0.985309
0.972843
0.964392
0.981503
0.913178
0.886486
0.910114
0.969427
0.982743
0.971614
1.000000
0.946098
0.948599
0.963746
0.963746
0.973484
0.973484
0.924957
0.924957
0.949616
1.000000
0.862902
0.951919
0.917175
0.951174
0.963911
0.956671
0.963212
0.976210
0.971783
0.985061
0.939957
0.952229
0.954940
0.941360
0.941360
0.930446
0.935422
0.950349
0.982115
0.962084
0.966368
0.958266
0.943964
0.957705
0.957705
0.960397
0.931382
0.931382
0.977126
0.765069
0.954638
0.957194
0.968949
0.968949
0.975755
0.931341
0.962848
0.972697
0.940383
0.985673
1.000000
0.965353
0.964112
0.919987
0.930220
0.989657
0.980609
0.963233
0.973055
0.987743
0.970015
0.972331
0.919024
0.988424
0.887875
0.942367
0.832430
0.956140
0.956140
0.981957
0.927951
1.000000
0.974386
0.963990
0.969539
